[01mar.2026 17:44:23.808] [main/INFO] [cpw.mods.modlauncher.Launcher/MODLAUNCHER]: ModLauncher running: args [--launchTarget, forgeclientuserdev, --version, MOD_DEV, --assetIndex, 5, --assetsDir, C:\Users\bnmin\.gradle\caches\forge_gradle\assets, --gameDir, ., --fml.forgeVersion, 47.4.0, --fml.mcVersion, 1.20.1, --fml.forgeGroup, net.minecraftforge, --fml.mcpVersion, 20230612.114412]
[01mar.2026 17:44:23.812] [main/INFO] [cpw.mods.modlauncher.Launcher/MODLAUNCHER]: ModLauncher 10.0.9+10.0.9+main.dcd20f30 starting: java version 17.0.16 by Eclipse Adoptium; OS Windows 11 arch amd64 version 10.0
[01mar.2026 17:44:24.114] [main/INFO] [net.minecraftforge.fml.loading.ImmediateWindowHandler/]: Loading ImmediateWindowProvider fmlearlywindow
[01mar.2026 17:44:24.194] [main/INFO] [EARLYDISPLAY/]: Trying GL version 4.6
[01mar.2026 17:44:24.379] [main/INFO] [EARLYDISPLAY/]: Requested GL version 4.6 got version 4.6
[01mar.2026 17:44:24.479] [main/INFO] [mixin/]: SpongePowered MIXIN Subsystem Version=0.8.5 Source=union:/C:/Users/bnmin/.gradle/caches/modules-2/files-2.1/org.spongepowered/mixin/0.8.5/9d1c0c3a304ae6697ecd477218fa61b850bf57fc/mixin-0.8.5.jar%23130!/ Service=ModLauncher Env=CLIENT
[01mar.2026 17:44:24.508] [pool-2-thread-1/INFO] [EARLYDISPLAY/]: GL info: AMD Radeon(TM) Graphics GL version 4.6.0 Core Profile Context 25.8.1.250617, ATI Technologies Inc.
[01mar.2026 17:44:24.841] [main/WARN] [net.minecraftforge.fml.loading.moddiscovery.ModFileParser/LOADING]: Mod file C:\Users\bnmin\.gradle\caches\modules-2\files-2.1\net.minecraftforge\javafmllanguage\1.20.1-47.4.0\f0c0b352173d0a378cbdcec9cfc4ba65899a721\javafmllanguage-1.20.1-47.4.0.jar is missing mods.toml file
[01mar.2026 17:44:24.844] [main/WARN] [net.minecraftforge.fml.loading.moddiscovery.ModFileParser/LOADING]: Mod file C:\Users\bnmin\.gradle\caches\modules-2\files-2.1\net.minecraftforge\lowcodelanguage\1.20.1-47.4.0\e862740d8c84d08dbfedea412bef88fe42e727c5\lowcodelanguage-1.20.1-47.4.0.jar is missing mods.toml file
[01mar.2026 17:44:24.847] [main/WARN] [net.minecraftforge.fml.loading.moddiscovery.ModFileParser/LOADING]: Mod file C:\Users\bnmin\.gradle\caches\modules-2\files-2.1\net.minecraftforge\mclanguage\1.20.1-47.4.0\5719b3a297a33f877ed5dde4cb4bd75c859096af\mclanguage-1.20.1-47.4.0.jar is missing mods.toml file
[01mar.2026 17:44:24.850] [main/WARN] [net.minecraftforge.fml.loading.moddiscovery.ModFileParser/LOADING]: Mod file C:\Users\bnmin\.gradle\caches\modules-2\files-2.1\net.minecraftforge\fmlcore\1.20.1-47.4.0\235975dafa4309945b59c56b53f31dc5b65a6051\fmlcore-1.20.1-47.4.0.jar is missing mods.toml file
[01mar.2026 17:44:25.526] [main/INFO] [net.minecraftforge.fml.loading.moddiscovery.JarInJarDependencyLocator/]: Found 26 dependencies adding them to mods collection
[01mar.2026 17:44:26.801] [main/INFO] [mixin/]: Compatibility level set to JAVA_17
[01mar.2026 17:44:26.817] [main/INFO] [cpw.mods.modlauncher.LaunchServiceHandler/MODLAUNCHER]: Launching target 'forgeclientuserdev' with arguments [--version, MOD_DEV, --gameDir, ., --assetsDir, C:\Users\bnmin\.gradle\caches\forge_gradle\assets, --assetIndex, 5]
[01mar.2026 17:44:27.378] [main/WARN] [mixin/]: Error loading class: dan200/computercraft/client/render/CustomLecternRenderer (java.lang.ClassNotFoundException: dan200.computercraft.client.render.CustomLecternRenderer)
[01mar.2026 17:44:27.380] [main/WARN] [mixin/]: Error loading class: dan200/computercraft/shared/peripheral/speaker/SpeakerPosition (java.lang.ClassNotFoundException: dan200.computercraft.shared.peripheral.speaker.SpeakerPosition)
[01mar.2026 17:44:27.383] [main/WARN] [mixin/]: Error loading class: dan200/computercraft/shared/turtle/core/TurtleBrain (java.lang.ClassNotFoundException: dan200.computercraft.shared.turtle.core.TurtleBrain)
[01mar.2026 17:44:27.385] [main/WARN] [mixin/]: Error loading class: dan200/computercraft/shared/turtle/core/TurtleMoveCommand (java.lang.ClassNotFoundException: dan200.computercraft.shared.turtle.core.TurtleMoveCommand)
[01mar.2026 17:44:27.387] [main/WARN] [mixin/]: Error loading class: dan200/computercraft/shared/peripheral/modem/wireless/WirelessNetwork (java.lang.ClassNotFoundException: dan200.computercraft.shared.peripheral.modem.wireless.WirelessNetwork)
[01mar.2026 17:44:27.389] [main/WARN] [mixin/]: Error loading class: com/simibubi/create/content/kinetics/deployer/DeployerHandler (java.lang.ClassNotFoundException: com.simibubi.create.content.kinetics.deployer.DeployerHandler)
[01mar.2026 17:44:27.389] [main/WARN] [mixin/]: @Mixin target com.simibubi.create.content.kinetics.deployer.DeployerHandler was not found valkyrienskies-common.mixins.json:mod_compat.create.IMixinDeployerHandler
[01mar.2026 17:44:27.390] [main/WARN] [mixin/]: Error loading class: com/simibubi/create/content/kinetics/deployer/DeployerMovementBehaviour (java.lang.ClassNotFoundException: com.simibubi.create.content.kinetics.deployer.DeployerMovementBehaviour)
[01mar.2026 17:44:27.391] [main/WARN] [mixin/]: @Mixin target com.simibubi.create.content.kinetics.deployer.DeployerMovementBehaviour was not found valkyrienskies-common.mixins.json:mod_compat.create.IMixinDeployerMovementBehaviour
[01mar.2026 17:44:27.392] [main/WARN] [mixin/]: Error loading class: com/simibubi/create/content/kinetics/fan/AirCurrent (java.lang.ClassNotFoundException: com.simibubi.create.content.kinetics.fan.AirCurrent)
[01mar.2026 17:44:27.393] [main/WARN] [mixin/]: @Mixin target com.simibubi.create.content.kinetics.fan.AirCurrent was not found valkyrienskies-common.mixins.json:mod_compat.create.MixinAirCurrent
[01mar.2026 17:44:27.394] [main/WARN] [mixin/]: Error loading class: com/simibubi/create/content/kinetics/fan/AirFlowParticle (java.lang.ClassNotFoundException: com.simibubi.create.content.kinetics.fan.AirFlowParticle)
[01mar.2026 17:44:27.394] [main/WARN] [mixin/]: @Mixin target com.simibubi.create.content.kinetics.fan.AirFlowParticle was not found valkyrienskies-common.mixins.json:mod_compat.create.MixinAirFlowParticle
[01mar.2026 17:44:27.396] [main/WARN] [mixin/]: Error loading class: com/simibubi/create/content/kinetics/belt/transport/BeltMovementHandler (java.lang.ClassNotFoundException: com.simibubi.create.content.kinetics.belt.transport.BeltMovementHandler)
[01mar.2026 17:44:27.396] [main/WARN] [mixin/]: @Mixin target com.simibubi.create.content.kinetics.belt.transport.BeltMovementHandler was not found valkyrienskies-common.mixins.json:mod_compat.create.MixinBeltMovementHandler
[01mar.2026 17:44:27.397] [main/WARN] [mixin/]: Error loading class: com/simibubi/create/content/contraptions/Contraption (java.lang.ClassNotFoundException: com.simibubi.create.content.contraptions.Contraption)
[01mar.2026 17:44:27.397] [main/WARN] [mixin/]: @Mixin target com.simibubi.create.content.contraptions.Contraption was not found valkyrienskies-common.mixins.json:mod_compat.create.MixinContraption
[01mar.2026 17:44:27.399] [main/WARN] [mixin/]: Error loading class: com/simibubi/create/content/contraptions/ContraptionCollider (java.lang.ClassNotFoundException: com.simibubi.create.content.contraptions.ContraptionCollider)
[01mar.2026 17:44:27.399] [main/WARN] [mixin/]: @Mixin target com.simibubi.create.content.contraptions.ContraptionCollider was not found valkyrienskies-common.mixins.json:mod_compat.create.MixinContraptionCollider
[01mar.2026 17:44:27.400] [main/WARN] [mixin/]: Error loading class: com/simibubi/create/content/logistics/depot/EntityLauncher (java.lang.ClassNotFoundException: com.simibubi.create.content.logistics.depot.EntityLauncher)
[01mar.2026 17:44:27.400] [main/WARN] [mixin/]: @Mixin target com.simibubi.create.content.logistics.depot.EntityLauncher was not found valkyrienskies-common.mixins.json:mod_compat.create.MixinEntityLauncher
[01mar.2026 17:44:27.402] [main/WARN] [mixin/]: Error loading class: com/simibubi/create/content/schematics/cannon/LaunchedItem (java.lang.ClassNotFoundException: com.simibubi.create.content.schematics.cannon.LaunchedItem)
[01mar.2026 17:44:27.403] [main/WARN] [mixin/]: @Mixin target com.simibubi.create.content.schematics.cannon.LaunchedItem was not found valkyrienskies-common.mixins.json:mod_compat.create.MixinLaunchedItem
[01mar.2026 17:44:27.404] [main/WARN] [mixin/]: Error loading class: com/simibubi/create/content/redstone/link/RedstoneLinkNetworkHandler (java.lang.ClassNotFoundException: com.simibubi.create.content.redstone.link.RedstoneLinkNetworkHandler)
[01mar.2026 17:44:27.404] [main/WARN] [mixin/]: @Mixin target com.simibubi.create.content.redstone.link.RedstoneLinkNetworkHandler was not found valkyrienskies-common.mixins.json:mod_compat.create.MixinRedstoneLinkNetworkHandler
[01mar.2026 17:44:27.406] [main/WARN] [mixin/]: Error loading class: com/simibubi/create/content/logistics/depot/SharedDepotBlockMethods (java.lang.ClassNotFoundException: com.simibubi.create.content.logistics.depot.SharedDepotBlockMethods)
[01mar.2026 17:44:27.406] [main/WARN] [mixin/]: @Mixin target com.simibubi.create.content.logistics.depot.SharedDepotBlockMethods was not found valkyrienskies-common.mixins.json:mod_compat.create.MixinSharedDepotBlockMethods
[01mar.2026 17:44:27.408] [main/WARN] [mixin/]: Error loading class: com/simibubi/create/foundation/collision/Matrix3d (java.lang.ClassNotFoundException: com.simibubi.create.foundation.collision.Matrix3d)
[01mar.2026 17:44:27.408] [main/WARN] [mixin/]: @Mixin target com.simibubi.create.foundation.collision.Matrix3d was not found valkyrienskies-common.mixins.json:mod_compat.create.accessors.Matrix3dAccessor
[01mar.2026 17:44:27.410] [main/WARN] [mixin/]: Error loading class: com/simibubi/create/foundation/outliner/Outline$OutlineParams (java.lang.ClassNotFoundException: com.simibubi.create.foundation.outliner.Outline$OutlineParams)
[01mar.2026 17:44:27.410] [main/WARN] [mixin/]: @Mixin target com.simibubi.create.foundation.outliner.Outline$OutlineParams was not found valkyrienskies-common.mixins.json:mod_compat.create.accessors.OutlineParamsAccessor
[01mar.2026 17:44:27.412] [main/WARN] [mixin/]: Error loading class: com/simibubi/create/content/kinetics/base/BlockBreakingMovementBehaviour (java.lang.ClassNotFoundException: com.simibubi.create.content.kinetics.base.BlockBreakingMovementBehaviour)
[01mar.2026 17:44:27.413] [main/WARN] [mixin/]: @Mixin target com.simibubi.create.content.kinetics.base.BlockBreakingMovementBehaviour was not found valkyrienskies-common.mixins.json:mod_compat.create.behaviour.MixinBlockBreakingMovementBehaviour
[01mar.2026 17:44:27.415] [main/WARN] [mixin/]: Error loading class: com/simibubi/create/foundation/blockEntity/behaviour/filtering/FilteringBehaviour (java.lang.ClassNotFoundException: com.simibubi.create.foundation.blockEntity.behaviour.filtering.FilteringBehaviour)
[01mar.2026 17:44:27.415] [main/WARN] [mixin/]: @Mixin target com.simibubi.create.foundation.blockEntity.behaviour.filtering.FilteringBehaviour was not found valkyrienskies-common.mixins.json:mod_compat.create.behaviour.MixinFilteringBehaviour
[01mar.2026 17:44:27.416] [main/WARN] [mixin/]: Error loading class: com/simibubi/create/content/redstone/link/LinkBehaviour (java.lang.ClassNotFoundException: com.simibubi.create.content.redstone.link.LinkBehaviour)
[01mar.2026 17:44:27.416] [main/WARN] [mixin/]: @Mixin target com.simibubi.create.content.redstone.link.LinkBehaviour was not found valkyrienskies-common.mixins.json:mod_compat.create.behaviour.MixinLinkBehaviour
[01mar.2026 17:44:27.419] [main/WARN] [mixin/]: Error loading class: com/simibubi/create/foundation/blockEntity/behaviour/scrollValue/ScrollValueBehaviour (java.lang.ClassNotFoundException: com.simibubi.create.foundation.blockEntity.behaviour.scrollValue.ScrollValueBehaviour)
[01mar.2026 17:44:27.419] [main/WARN] [mixin/]: @Mixin target com.simibubi.create.foundation.blockEntity.behaviour.scrollValue.ScrollValueBehaviour was not found valkyrienskies-common.mixins.json:mod_compat.create.behaviour.MixinScrollValueBehaviour
[01mar.2026 17:44:27.428] [main/WARN] [mixin/]: Error loading class: com/simibubi/create/foundation/blockEntity/behaviour/filtering/SidedFilteringBehaviour (java.lang.ClassNotFoundException: com.simibubi.create.foundation.blockEntity.behaviour.filtering.SidedFilteringBehaviour)
[01mar.2026 17:44:27.428] [main/WARN] [mixin/]: @Mixin target com.simibubi.create.foundation.blockEntity.behaviour.filtering.SidedFilteringBehaviour was not found valkyrienskies-common.mixins.json:mod_compat.create.behaviour.MixinSidedFilteringBehaviour
[01mar.2026 17:44:27.431] [main/WARN] [mixin/]: Error loading class: com/simibubi/create/content/kinetics/crusher/CrushingWheelBlock (java.lang.ClassNotFoundException: com.simibubi.create.content.kinetics.crusher.CrushingWheelBlock)
[01mar.2026 17:44:27.431] [main/WARN] [mixin/]: @Mixin target com.simibubi.create.content.kinetics.crusher.CrushingWheelBlock was not found valkyrienskies-common.mixins.json:mod_compat.create.block.MixinCrushingWheelBlock
[01mar.2026 17:44:27.433] [main/WARN] [mixin/]: Error loading class: com/simibubi/create/content/logistics/depot/EjectorBlock (java.lang.ClassNotFoundException: com.simibubi.create.content.logistics.depot.EjectorBlock)
[01mar.2026 17:44:27.433] [main/WARN] [mixin/]: @Mixin target com.simibubi.create.content.logistics.depot.EjectorBlock was not found valkyrienskies-common.mixins.json:mod_compat.create.block.MixinEjectorBlock
[01mar.2026 17:44:27.435] [main/WARN] [mixin/]: Error loading class: com/simibubi/create/content/logistics/funnel/FunnelBlock (java.lang.ClassNotFoundException: com.simibubi.create.content.logistics.funnel.FunnelBlock)
[01mar.2026 17:44:27.435] [main/WARN] [mixin/]: @Mixin target com.simibubi.create.content.logistics.funnel.FunnelBlock was not found valkyrienskies-common.mixins.json:mod_compat.create.block.MixinFunnelBlock
[01mar.2026 17:44:27.437] [main/WARN] [mixin/]: Error loading class: com/simibubi/create/content/redstone/contact/RedstoneContactBlock (java.lang.ClassNotFoundException: com.simibubi.create.content.redstone.contact.RedstoneContactBlock)
[01mar.2026 17:44:27.437] [main/WARN] [mixin/]: @Mixin target com.simibubi.create.content.redstone.contact.RedstoneContactBlock was not found valkyrienskies-common.mixins.json:mod_compat.create.block.MixinRedstoneContactBlock
[01mar.2026 17:44:27.439] [main/WARN] [mixin/]: Error loading class: com/simibubi/create/content/contraptions/chassis/StickerBlock (java.lang.ClassNotFoundException: com.simibubi.create.content.contraptions.chassis.StickerBlock)
[01mar.2026 17:44:27.439] [main/WARN] [mixin/]: @Mixin target com.simibubi.create.content.contraptions.chassis.StickerBlock was not found valkyrienskies-common.mixins.json:mod_compat.create.block.MixinStickerBlock
[01mar.2026 17:44:27.442] [main/WARN] [mixin/]: Error loading class: com/simibubi/create/content/contraptions/bearing/MechanicalBearingBlockEntity (java.lang.ClassNotFoundException: com.simibubi.create.content.contraptions.bearing.MechanicalBearingBlockEntity)
[01mar.2026 17:44:27.442] [main/WARN] [mixin/]: @Mixin target com.simibubi.create.content.contraptions.bearing.MechanicalBearingBlockEntity was not found valkyrienskies-common.mixins.json:mod_compat.create.blockentity.IMixinMechanicalBearingTileEntity
[01mar.2026 17:44:27.444] [main/WARN] [mixin/]: Error loading class: com/simibubi/create/content/kinetics/crusher/CrushingWheelControllerBlockEntity (java.lang.ClassNotFoundException: com.simibubi.create.content.kinetics.crusher.CrushingWheelControllerBlockEntity)
[01mar.2026 17:44:27.444] [main/WARN] [mixin/]: @Mixin target com.simibubi.create.content.kinetics.crusher.CrushingWheelControllerBlockEntity was not found valkyrienskies-common.mixins.json:mod_compat.create.blockentity.MixinCrushingWheelControllerTileEntity
[01mar.2026 17:44:27.446] [main/WARN] [mixin/]: Error loading class: com/simibubi/create/content/logistics/depot/EjectorBlockEntity (java.lang.ClassNotFoundException: com.simibubi.create.content.logistics.depot.EjectorBlockEntity)
[01mar.2026 17:44:27.446] [main/WARN] [mixin/]: @Mixin target com.simibubi.create.content.logistics.depot.EjectorBlockEntity was not found valkyrienskies-common.mixins.json:mod_compat.create.blockentity.MixinEjectorTileEntity
[01mar.2026 17:44:27.448] [main/WARN] [mixin/]: Error loading class: com/simibubi/create/content/kinetics/fan/EncasedFanBlockEntity (java.lang.ClassNotFoundException: com.simibubi.create.content.kinetics.fan.EncasedFanBlockEntity)
[01mar.2026 17:44:27.448] [main/WARN] [mixin/]: @Mixin target com.simibubi.create.content.kinetics.fan.EncasedFanBlockEntity was not found valkyrienskies-common.mixins.json:mod_compat.create.blockentity.MixinEncasedFanTileEntity
[01mar.2026 17:44:27.450] [main/WARN] [mixin/]: Error loading class: com/simibubi/create/content/schematics/cannon/SchematicannonBlockEntity (java.lang.ClassNotFoundException: com.simibubi.create.content.schematics.cannon.SchematicannonBlockEntity)
[01mar.2026 17:44:27.450] [main/WARN] [mixin/]: @Mixin target com.simibubi.create.content.schematics.cannon.SchematicannonBlockEntity was not found valkyrienskies-common.mixins.json:mod_compat.create.blockentity.MixinSchematicannonBlockEntity
[01mar.2026 17:44:27.453] [main/WARN] [mixin/]: Error loading class: com/simibubi/create/content/schematics/client/tools/DeployTool (java.lang.ClassNotFoundException: com.simibubi.create.content.schematics.client.tools.DeployTool)
[01mar.2026 17:44:27.453] [main/WARN] [mixin/]: @Mixin target com.simibubi.create.content.schematics.client.tools.DeployTool was not found valkyrienskies-common.mixins.json:mod_compat.create.client.MixinDeployTool
[01mar.2026 17:44:27.455] [main/WARN] [mixin/]: Error loading class: com/simibubi/create/content/schematics/client/tools/SchematicToolBase (java.lang.ClassNotFoundException: com.simibubi.create.content.schematics.client.tools.SchematicToolBase)
[01mar.2026 17:44:27.455] [main/WARN] [mixin/]: @Mixin target com.simibubi.create.content.schematics.client.tools.SchematicToolBase was not found valkyrienskies-common.mixins.json:mod_compat.create.client.MixinSchematicToolBase
[01mar.2026 17:44:27.457] [main/WARN] [mixin/]: Error loading class: com/simibubi/create/content/schematics/client/SchematicTransformation (java.lang.ClassNotFoundException: com.simibubi.create.content.schematics.client.SchematicTransformation)
[01mar.2026 17:44:27.457] [main/WARN] [mixin/]: @Mixin target com.simibubi.create.content.schematics.client.SchematicTransformation was not found valkyrienskies-common.mixins.json:mod_compat.create.client.MixinSchematicTransformation
[01mar.2026 17:44:27.459] [main/WARN] [mixin/]: Error loading class: com/simibubi/create/foundation/blockEntity/behaviour/ValueBox (java.lang.ClassNotFoundException: com.simibubi.create.foundation.blockEntity.behaviour.ValueBox)
[01mar.2026 17:44:27.460] [main/WARN] [mixin/]: @Mixin target com.simibubi.create.foundation.blockEntity.behaviour.ValueBox was not found valkyrienskies-common.mixins.json:mod_compat.create.client.MixinValueBox
[01mar.2026 17:44:27.461] [main/WARN] [mixin/]: Error loading class: com/simibubi/create/content/contraptions/AbstractContraptionEntity (java.lang.ClassNotFoundException: com.simibubi.create.content.contraptions.AbstractContraptionEntity)
[01mar.2026 17:44:27.461] [main/WARN] [mixin/]: @Mixin target com.simibubi.create.content.contraptions.AbstractContraptionEntity was not found valkyrienskies-common.mixins.json:mod_compat.create.entity.MixinAbstractContraptionEntity
[01mar.2026 17:44:27.464] [main/WARN] [mixin/]: Error loading class: com/simibubi/create/content/trains/entity/CarriageContraptionEntity (java.lang.ClassNotFoundException: com.simibubi.create.content.trains.entity.CarriageContraptionEntity)
[01mar.2026 17:44:27.464] [main/WARN] [mixin/]: @Mixin target com.simibubi.create.content.trains.entity.CarriageContraptionEntity was not found valkyrienskies-common.mixins.json:mod_compat.create.entity.MixinCarriageContraptionEntity
[01mar.2026 17:44:27.465] [main/WARN] [mixin/]: Error loading class: com/simibubi/create/content/contraptions/ControlledContraptionEntity (java.lang.ClassNotFoundException: com.simibubi.create.content.contraptions.ControlledContraptionEntity)
[01mar.2026 17:44:27.465] [main/WARN] [mixin/]: @Mixin target com.simibubi.create.content.contraptions.ControlledContraptionEntity was not found valkyrienskies-common.mixins.json:mod_compat.create.entity.MixinControlledContraptionEntity
[01mar.2026 17:44:27.466] [main/WARN] [mixin/]: Error loading class: com/simibubi/create/content/contraptions/actors/seat/SeatEntity (java.lang.ClassNotFoundException: com.simibubi.create.content.contraptions.actors.seat.SeatEntity)
[01mar.2026 17:44:27.467] [main/WARN] [mixin/]: @Mixin target com.simibubi.create.content.contraptions.actors.seat.SeatEntity was not found valkyrienskies-common.mixins.json:mod_compat.create.entity.MixinSeatEntity
[01mar.2026 17:44:27.468] [main/WARN] [mixin/]: Error loading class: com/simibubi/create/content/contraptions/actors/trainControls/ControlsInputPacket (java.lang.ClassNotFoundException: com.simibubi.create.content.contraptions.actors.trainControls.ControlsInputPacket)
[01mar.2026 17:44:27.468] [main/WARN] [mixin/]: @Mixin target com.simibubi.create.content.contraptions.actors.trainControls.ControlsInputPacket was not found valkyrienskies-common.mixins.json:mod_compat.create.packets.MixinControlsInputPacket
[01mar.2026 17:44:27.469] [main/WARN] [mixin/]: Error loading class: com/simibubi/create/content/trains/track/CurvedTrackDestroyPacket (java.lang.ClassNotFoundException: com.simibubi.create.content.trains.track.CurvedTrackDestroyPacket)
[01mar.2026 17:44:27.469] [main/WARN] [mixin/]: @Mixin target com.simibubi.create.content.trains.track.CurvedTrackDestroyPacket was not found valkyrienskies-common.mixins.json:mod_compat.create.packets.MixinCurvedTrackDestroyPacket
[01mar.2026 17:44:27.471] [main/WARN] [mixin/]: Error loading class: com/simibubi/create/content/contraptions/glue/SuperGlueRemovalPacket (java.lang.ClassNotFoundException: com.simibubi.create.content.contraptions.glue.SuperGlueRemovalPacket)
[01mar.2026 17:44:27.471] [main/WARN] [mixin/]: @Mixin target com.simibubi.create.content.contraptions.glue.SuperGlueRemovalPacket was not found valkyrienskies-common.mixins.json:mod_compat.create.packets.MixinSuperGlueRemovalPacket
[01mar.2026 17:44:27.473] [main/WARN] [mixin/]: Error loading class: com/simibubi/create/foundation/networking/BlockEntityConfigurationPacket (java.lang.ClassNotFoundException: com.simibubi.create.foundation.networking.BlockEntityConfigurationPacket)
[01mar.2026 17:44:27.473] [main/WARN] [mixin/]: @Mixin target com.simibubi.create.foundation.networking.BlockEntityConfigurationPacket was not found valkyrienskies-common.mixins.json:mod_compat.create.packets.MixinTileEntityConfigurationPacket
[01mar.2026 17:44:27.474] [main/WARN] [mixin/]: Error loading class: com/simibubi/create/content/trains/entity/TrainRelocationPacket (java.lang.ClassNotFoundException: com.simibubi.create.content.trains.entity.TrainRelocationPacket)
[01mar.2026 17:44:27.474] [main/WARN] [mixin/]: @Mixin target com.simibubi.create.content.trains.entity.TrainRelocationPacket was not found valkyrienskies-common.mixins.json:mod_compat.create.packets.MixinTrainRelocationPacket
[01mar.2026 17:44:27.476] [main/WARN] [mixin/]: Error loading class: com/simibubi/create/content/contraptions/actors/seat/SeatBlock (java.lang.ClassNotFoundException: com.simibubi.create.content.contraptions.actors.seat.SeatBlock)
[01mar.2026 17:44:27.477] [main/WARN] [mixin/]: @Mixin target com.simibubi.create.content.contraptions.actors.seat.SeatBlock was not found valkyrienskies-common.mixins.json:mod_compat.create.pr.MixinSeatBlock
[01mar.2026 17:44:27.478] [main/WARN] [mixin/]: Error loading class: rbasamoyai/createbigcannons/munitions/AbstractCannonProjectile (java.lang.ClassNotFoundException: rbasamoyai.createbigcannons.munitions.AbstractCannonProjectile)
[01mar.2026 17:44:27.481] [main/WARN] [mixin/]: Error loading class: rbasamoyai/createbigcannons/utils/CBCUtils (java.lang.ClassNotFoundException: rbasamoyai.createbigcannons.utils.CBCUtils)
[01mar.2026 17:44:27.483] [main/WARN] [mixin/]: Error loading class: rbasamoyai/createbigcannons/cannon_control/fixed_cannon_mount/FixedCannonMountBlockEntity$FixedCannonMountScrollValueBehaviour (java.lang.ClassNotFoundException: rbasamoyai.createbigcannons.cannon_control.fixed_cannon_mount.FixedCannonMountBlockEntity$FixedCannonMountScrollValueBehaviour)
[01mar.2026 17:44:27.483] [main/WARN] [mixin/]: @Mixin target rbasamoyai.createbigcannons.cannon_control.fixed_cannon_mount.FixedCannonMountBlockEntity$FixedCannonMountScrollValueBehaviour was not found valkyrienskies-common.mixins.json:mod_compat.create_big_cannons.MixinFCMSVB
[01mar.2026 17:44:27.486] [main/WARN] [mixin/]: Error loading class: rbasamoyai/createbigcannons/cannon_control/contraption/PitchOrientedContraptionEntity (java.lang.ClassNotFoundException: rbasamoyai.createbigcannons.cannon_control.contraption.PitchOrientedContraptionEntity)
[01mar.2026 17:44:27.488] [main/WARN] [mixin/]: Error loading class: rbasamoyai/createbigcannons/network/ServerboundSetFixedCannonMountValuePacket (java.lang.ClassNotFoundException: rbasamoyai.createbigcannons.network.ServerboundSetFixedCannonMountValuePacket)
[01mar.2026 17:44:27.488] [main/WARN] [mixin/]: @Mixin target rbasamoyai.createbigcannons.network.ServerboundSetFixedCannonMountValuePacket was not found valkyrienskies-common.mixins.json:mod_compat.create_big_cannons.MixinSSFCMVP
[01mar.2026 17:44:27.489] [main/WARN] [mixin/]: Error loading class: dev/ftb/mods/ftbchunks/data/ClaimedChunkManagerImpl (java.lang.ClassNotFoundException: dev.ftb.mods.ftbchunks.data.ClaimedChunkManagerImpl)
[01mar.2026 17:44:27.491] [main/WARN] [mixin/]: Error loading class: com/jamieswhiteshirt/reachentityattributes/ReachEntityAttributes (java.lang.ClassNotFoundException: com.jamieswhiteshirt.reachentityattributes.ReachEntityAttributes)
[01mar.2026 17:44:27.493] [main/WARN] [mixin/]: Error loading class: li/cil/tis3d/common/entity/InfraredPacketEntity (java.lang.ClassNotFoundException: li.cil.tis3d.common.entity.InfraredPacketEntity)
[01mar.2026 17:44:27.593] [main/WARN] [mixin/]: Error loading class: com/simibubi/create/foundation/outliner/AABBOutline (java.lang.ClassNotFoundException: com.simibubi.create.foundation.outliner.AABBOutline)
[01mar.2026 17:44:27.593] [main/WARN] [mixin/]: @Mixin target com.simibubi.create.foundation.outliner.AABBOutline was not found valkyrienskies-common.mixins.json:mod_compat.create.client.MixinAABBOutline
[01mar.2026 17:44:27.595] [main/WARN] [mixin/]: Error loading class: com/simibubi/create/foundation/outliner/BlockClusterOutline (java.lang.ClassNotFoundException: com.simibubi.create.foundation.outliner.BlockClusterOutline)
[01mar.2026 17:44:27.595] [main/WARN] [mixin/]: @Mixin target com.simibubi.create.foundation.outliner.BlockClusterOutline was not found valkyrienskies-common.mixins.json:mod_compat.create.client.MixinBlockClusterOutline
[01mar.2026 17:44:27.597] [main/WARN] [mixin/]: Error loading class: com/simibubi/create/content/trains/entity/CarriageContraptionInstance (java.lang.ClassNotFoundException: com.simibubi.create.content.trains.entity.CarriageContraptionInstance)
[01mar.2026 17:44:27.597] [main/WARN] [mixin/]: @Mixin target com.simibubi.create.content.trains.entity.CarriageContraptionInstance was not found valkyrienskies-common.mixins.json:mod_compat.create.client.MixinCarriageContraptionInstance
[01mar.2026 17:44:27.598] [main/WARN] [mixin/]: Error loading class: com/simibubi/create/content/kinetics/simpleRelays/CogwheelBlockItem$SmallCogHelper (java.lang.ClassNotFoundException: com.simibubi.create.content.kinetics.simpleRelays.CogwheelBlockItem$SmallCogHelper)
[01mar.2026 17:44:27.598] [main/WARN] [mixin/]: @Mixin target com.simibubi.create.content.kinetics.simpleRelays.CogwheelBlockItem$SmallCogHelper was not found valkyrienskies-common.mixins.json:mod_compat.create.client.MixinCogwheelBlockItem
[01mar.2026 17:44:27.600] [main/WARN] [mixin/]: Error loading class: com/simibubi/create/content/kinetics/simpleRelays/CogwheelBlockItem$LargeCogHelper (java.lang.ClassNotFoundException: com.simibubi.create.content.kinetics.simpleRelays.CogwheelBlockItem$LargeCogHelper)
[01mar.2026 17:44:27.600] [main/WARN] [mixin/]: @Mixin target com.simibubi.create.content.kinetics.simpleRelays.CogwheelBlockItem$LargeCogHelper was not found valkyrienskies-common.mixins.json:mod_compat.create.client.MixinCogwheelBlockItem
[01mar.2026 17:44:27.602] [main/WARN] [mixin/]: Error loading class: com/simibubi/create/content/kinetics/simpleRelays/CogwheelBlockItem$DiagonalCogHelper (java.lang.ClassNotFoundException: com.simibubi.create.content.kinetics.simpleRelays.CogwheelBlockItem$DiagonalCogHelper)
[01mar.2026 17:44:27.602] [main/WARN] [mixin/]: @Mixin target com.simibubi.create.content.kinetics.simpleRelays.CogwheelBlockItem$DiagonalCogHelper was not found valkyrienskies-common.mixins.json:mod_compat.create.client.MixinCogwheelBlockItem
[01mar.2026 17:44:27.603] [main/WARN] [mixin/]: Error loading class: com/simibubi/create/content/kinetics/simpleRelays/CogwheelBlockItem$IntegratedLargeCogHelper (java.lang.ClassNotFoundException: com.simibubi.create.content.kinetics.simpleRelays.CogwheelBlockItem$IntegratedLargeCogHelper)
[01mar.2026 17:44:27.604] [main/WARN] [mixin/]: @Mixin target com.simibubi.create.content.kinetics.simpleRelays.CogwheelBlockItem$IntegratedLargeCogHelper was not found valkyrienskies-common.mixins.json:mod_compat.create.client.MixinCogwheelBlockItem
[01mar.2026 17:44:27.605] [main/WARN] [mixin/]: Error loading class: com/simibubi/create/content/kinetics/simpleRelays/CogwheelBlockItem$IntegratedSmallCogHelper (java.lang.ClassNotFoundException: com.simibubi.create.content.kinetics.simpleRelays.CogwheelBlockItem$IntegratedSmallCogHelper)
[01mar.2026 17:44:27.605] [main/WARN] [mixin/]: @Mixin target com.simibubi.create.content.kinetics.simpleRelays.CogwheelBlockItem$IntegratedSmallCogHelper was not found valkyrienskies-common.mixins.json:mod_compat.create.client.MixinCogwheelBlockItem
[01mar.2026 17:44:27.606] [main/WARN] [mixin/]: Error loading class: com/simibubi/create/content/kinetics/simpleRelays/CogwheelBlockItem$DiagonalCogHelper (java.lang.ClassNotFoundException: com.simibubi.create.content.kinetics.simpleRelays.CogwheelBlockItem$DiagonalCogHelper)
[01mar.2026 17:44:27.607] [main/WARN] [mixin/]: @Mixin target com.simibubi.create.content.kinetics.simpleRelays.CogwheelBlockItem$DiagonalCogHelper was not found valkyrienskies-common.mixins.json:mod_compat.create.client.MixinCogwheelBlockItemHitOnShaft
[01mar.2026 17:44:27.608] [main/WARN] [mixin/]: Error loading class: com/simibubi/create/content/contraptions/render/ContraptionRenderDispatcher (java.lang.ClassNotFoundException: com.simibubi.create.content.contraptions.render.ContraptionRenderDispatcher)
[01mar.2026 17:44:27.608] [main/WARN] [mixin/]: @Mixin target com.simibubi.create.content.contraptions.render.ContraptionRenderDispatcher was not found valkyrienskies-common.mixins.json:mod_compat.create.client.MixinContraptionRenderDispatcher
[01mar.2026 17:44:27.609] [main/WARN] [mixin/]: Error loading class: com/simibubi/create/content/contraptions/render/ContraptionRenderInfo (java.lang.ClassNotFoundException: com.simibubi.create.content.contraptions.render.ContraptionRenderInfo)
[01mar.2026 17:44:27.609] [main/WARN] [mixin/]: @Mixin target com.simibubi.create.content.contraptions.render.ContraptionRenderInfo was not found valkyrienskies-common.mixins.json:mod_compat.create.client.MixinContraptionRenderInfo
[01mar.2026 17:44:27.611] [main/WARN] [mixin/]: Error loading class: com/simibubi/create/content/contraptions/elevator/ElevatorControlsHandler (java.lang.ClassNotFoundException: com.simibubi.create.content.contraptions.elevator.ElevatorControlsHandler)
[01mar.2026 17:44:27.611] [main/WARN] [mixin/]: @Mixin target com.simibubi.create.content.contraptions.elevator.ElevatorControlsHandler was not found valkyrienskies-common.mixins.json:mod_compat.create.client.MixinElevatorControlsHandler
[01mar.2026 17:44:27.613] [main/WARN] [mixin/]: Error loading class: com/simibubi/create/foundation/blockEntity/behaviour/filtering/FilteringRenderer (java.lang.ClassNotFoundException: com.simibubi.create.foundation.blockEntity.behaviour.filtering.FilteringRenderer)
[01mar.2026 17:44:27.613] [main/WARN] [mixin/]: @Mixin target com.simibubi.create.foundation.blockEntity.behaviour.filtering.FilteringRenderer was not found valkyrienskies-common.mixins.json:mod_compat.create.client.MixinFilteringRenderer
[01mar.2026 17:44:27.615] [main/WARN] [mixin/]: Error loading class: com/simibubi/create/foundation/utility/ghost/GhostBlockRenderer$DefaultGhostBlockRenderer (java.lang.ClassNotFoundException: com.simibubi.create.foundation.utility.ghost.GhostBlockRenderer$DefaultGhostBlockRenderer)
[01mar.2026 17:44:27.615] [main/WARN] [mixin/]: @Mixin target com.simibubi.create.foundation.utility.ghost.GhostBlockRenderer$DefaultGhostBlockRenderer was not found valkyrienskies-common.mixins.json:mod_compat.create.client.MixinGhostBlockRenderer
[01mar.2026 17:44:27.617] [main/WARN] [mixin/]: Error loading class: com/simibubi/create/foundation/utility/ghost/GhostBlockRenderer$TransparentGhostBlockRenderer (java.lang.ClassNotFoundException: com.simibubi.create.foundation.utility.ghost.GhostBlockRenderer$TransparentGhostBlockRenderer)
[01mar.2026 17:44:27.617] [main/WARN] [mixin/]: @Mixin target com.simibubi.create.foundation.utility.ghost.GhostBlockRenderer$TransparentGhostBlockRenderer was not found valkyrienskies-common.mixins.json:mod_compat.create.client.MixinGhostBlockRenderer
[01mar.2026 17:44:27.619] [main/WARN] [mixin/]: Error loading class: com/simibubi/create/content/redstone/link/LinkRenderer (java.lang.ClassNotFoundException: com.simibubi.create.content.redstone.link.LinkRenderer)
[01mar.2026 17:44:27.619] [main/WARN] [mixin/]: @Mixin target com.simibubi.create.content.redstone.link.LinkRenderer was not found valkyrienskies-common.mixins.json:mod_compat.create.client.MixinLinkRenderer
[01mar.2026 17:44:27.620] [main/WARN] [mixin/]: Error loading class: com/jozufozu/flywheel/vanilla/MinecartInstance (java.lang.ClassNotFoundException: com.jozufozu.flywheel.vanilla.MinecartInstance)
[01mar.2026 17:44:27.620] [main/WARN] [mixin/]: @Mixin target com.jozufozu.flywheel.vanilla.MinecartInstance was not found valkyrienskies-common.mixins.json:mod_compat.create.client.MixinMinecartInstance
[01mar.2026 17:44:27.621] [main/WARN] [mixin/]: Error loading class: com/simibubi/create/content/contraptions/bearing/SailBlock$PlacementHelper (java.lang.ClassNotFoundException: com.simibubi.create.content.contraptions.bearing.SailBlock$PlacementHelper)
[01mar.2026 17:44:27.621] [main/WARN] [mixin/]: @Mixin target com.simibubi.create.content.contraptions.bearing.SailBlock$PlacementHelper was not found valkyrienskies-common.mixins.json:mod_compat.create.client.MixinMultiplePlacementHelpers
[01mar.2026 17:44:27.623] [main/WARN] [mixin/]: Error loading class: com/simibubi/create/foundation/placement/PoleHelper (java.lang.ClassNotFoundException: com.simibubi.create.foundation.placement.PoleHelper)
[01mar.2026 17:44:27.623] [main/WARN] [mixin/]: @Mixin target com.simibubi.create.foundation.placement.PoleHelper was not found valkyrienskies-common.mixins.json:mod_compat.create.client.MixinMultiplePlacementHelpers
[01mar.2026 17:44:27.625] [main/WARN] [mixin/]: Error loading class: com/simibubi/create/content/decoration/girder/GirderPlacementHelper (java.lang.ClassNotFoundException: com.simibubi.create.content.decoration.girder.GirderPlacementHelper)
[01mar.2026 17:44:27.625] [main/WARN] [mixin/]: @Mixin target com.simibubi.create.content.decoration.girder.GirderPlacementHelper was not found valkyrienskies-common.mixins.json:mod_compat.create.client.MixinMultiplePlacementHelpers
[01mar.2026 17:44:27.627] [main/WARN] [mixin/]: Error loading class: com/simibubi/create/content/trains/display/FlapDisplayBlock$PlacementHelper (java.lang.ClassNotFoundException: com.simibubi.create.content.trains.display.FlapDisplayBlock$PlacementHelper)
[01mar.2026 17:44:27.627] [main/WARN] [mixin/]: @Mixin target com.simibubi.create.content.trains.display.FlapDisplayBlock$PlacementHelper was not found valkyrienskies-common.mixins.json:mod_compat.create.client.MixinMultiplePlacementHelpers
[01mar.2026 17:44:27.628] [main/WARN] [mixin/]: Error loading class: com/simibubi/create/foundation/outliner/Outline (java.lang.ClassNotFoundException: com.simibubi.create.foundation.outliner.Outline)
[01mar.2026 17:44:27.628] [main/WARN] [mixin/]: @Mixin target com.simibubi.create.foundation.outliner.Outline was not found valkyrienskies-common.mixins.json:mod_compat.create.client.MixinOutline
[01mar.2026 17:44:27.629] [main/WARN] [mixin/]: Error loading class: com/simibubi/create/foundation/placement/PlacementHelpers (java.lang.ClassNotFoundException: com.simibubi.create.foundation.placement.PlacementHelpers)
[01mar.2026 17:44:27.629] [main/WARN] [mixin/]: @Mixin target com.simibubi.create.foundation.placement.PlacementHelpers was not found valkyrienskies-common.mixins.json:mod_compat.create.client.MixinPlacementHelpers
[01mar.2026 17:44:27.631] [main/WARN] [mixin/]: Error loading class: com/simibubi/create/foundation/sound/SoundScapes (java.lang.ClassNotFoundException: com.simibubi.create.foundation.sound.SoundScapes)
[01mar.2026 17:44:27.631] [main/WARN] [mixin/]: @Mixin target com.simibubi.create.foundation.sound.SoundScapes was not found valkyrienskies-common.mixins.json:mod_compat.create.client.MixinSoundScapes
[01mar.2026 17:44:27.633] [main/WARN] [mixin/]: Error loading class: com/simibubi/create/foundation/render/BlockEntityRenderHelper (java.lang.ClassNotFoundException: com.simibubi.create.foundation.render.BlockEntityRenderHelper)
[01mar.2026 17:44:27.633] [main/WARN] [mixin/]: @Mixin target com.simibubi.create.foundation.render.BlockEntityRenderHelper was not found valkyrienskies-common.mixins.json:mod_compat.create.client.MixinTileEntityRenderHelper
[01mar.2026 17:44:27.634] [main/WARN] [mixin/]: Error loading class: com/simibubi/create/content/trains/track/TrackBlockOutline (java.lang.ClassNotFoundException: com.simibubi.create.content.trains.track.TrackBlockOutline)
[01mar.2026 17:44:27.634] [main/WARN] [mixin/]: @Mixin target com.simibubi.create.content.trains.track.TrackBlockOutline was not found valkyrienskies-common.mixins.json:mod_compat.create.client.MixinTrackBlockOutline
[01mar.2026 17:44:27.636] [main/WARN] [mixin/]: Error loading class: com/simibubi/create/content/trains/entity/TrainRelocator (java.lang.ClassNotFoundException: com.simibubi.create.content.trains.entity.TrainRelocator)
[01mar.2026 17:44:27.636] [main/WARN] [mixin/]: @Mixin target com.simibubi.create.content.trains.entity.TrainRelocator was not found valkyrienskies-common.mixins.json:mod_compat.create.client.MixinTrainRelocator
[01mar.2026 17:44:27.637] [main/WARN] [mixin/]: Error loading class: com/jozufozu/flywheel/backend/instancing/instancing/InstancingEngine (java.lang.ClassNotFoundException: com.jozufozu.flywheel.backend.instancing.instancing.InstancingEngine)
[01mar.2026 17:44:27.638] [main/WARN] [mixin/]: Error loading class: com/jozufozu/flywheel/backend/instancing/blockentity/BlockEntityInstanceManager (java.lang.ClassNotFoundException: com.jozufozu.flywheel.backend.instancing.blockentity.BlockEntityInstanceManager)
[01mar.2026 17:44:27.640] [main/WARN] [mixin/]: Error loading class: com/jozufozu/flywheel/backend/instancing/InstanceManager (java.lang.ClassNotFoundException: com.jozufozu.flywheel.backend.instancing.InstanceManager)
[01mar.2026 17:44:27.642] [main/WARN] [mixin/]: Error loading class: com/jozufozu/flywheel/backend/instancing/InstanceWorld (java.lang.ClassNotFoundException: com.jozufozu.flywheel.backend.instancing.InstanceWorld)
[01mar.2026 17:44:27.643] [main/WARN] [mixin/]: Error loading class: com/jozufozu/flywheel/backend/instancing/instancing/InstancingEngine (java.lang.ClassNotFoundException: com.jozufozu.flywheel.backend.instancing.instancing.InstancingEngine)
[01mar.2026 17:44:27.646] [main/WARN] [mixin/]: Error loading class: com/sonicether/soundphysics/SoundPhysics (java.lang.ClassNotFoundException: com.sonicether.soundphysics.SoundPhysics)
[01mar.2026 17:44:27.648] [main/WARN] [mixin/]: Error loading class: li/cil/tis3d/client/renderer/block/entity/CasingBlockEntityRenderer (java.lang.ClassNotFoundException: li.cil.tis3d.client.renderer.block.entity.CasingBlockEntityRenderer)
[01mar.2026 17:44:27.650] [main/WARN] [mixin/]: Error loading class: li/cil/tis3d/client/renderer/RenderContextImpl (java.lang.ClassNotFoundException: li.cil.tis3d.client.renderer.RenderContextImpl)
[01mar.2026 17:44:27.656] [main/WARN] [mixin/]: Error loading class: com/simibubi/create/content/kinetics/base/BlockBreakingKineticBlockEntity (java.lang.ClassNotFoundException: com.simibubi.create.content.kinetics.base.BlockBreakingKineticBlockEntity)
[01mar.2026 17:44:27.657] [main/WARN] [mixin/]: @Mixin target com.simibubi.create.content.kinetics.base.BlockBreakingKineticBlockEntity was not found valkyrienskies-forge.mixins.json:compat.create.MixinBlockBreakingKineticTileEntity
[01mar.2026 17:44:27.658] [main/WARN] [mixin/]: Error loading class: com/simibubi/create/content/kinetics/millstone/MillstoneBlock (java.lang.ClassNotFoundException: com.simibubi.create.content.kinetics.millstone.MillstoneBlock)
[01mar.2026 17:44:27.658] [main/WARN] [mixin/]: @Mixin target com.simibubi.create.content.kinetics.millstone.MillstoneBlock was not found valkyrienskies-forge.mixins.json:compat.create.MixinBlocks
[01mar.2026 17:44:27.659] [main/WARN] [mixin/]: Error loading class: com/simibubi/create/content/processing/basin/BasinBlock (java.lang.ClassNotFoundException: com.simibubi.create.content.processing.basin.BasinBlock)
[01mar.2026 17:44:27.659] [main/WARN] [mixin/]: @Mixin target com.simibubi.create.content.processing.basin.BasinBlock was not found valkyrienskies-forge.mixins.json:compat.create.MixinBlocks
[01mar.2026 17:44:27.661] [main/WARN] [mixin/]: Error loading class: com/simibubi/create/content/logistics/chute/AbstractChuteBlock (java.lang.ClassNotFoundException: com.simibubi.create.content.logistics.chute.AbstractChuteBlock)
[01mar.2026 17:44:27.661] [main/WARN] [mixin/]: @Mixin target com.simibubi.create.content.logistics.chute.AbstractChuteBlock was not found valkyrienskies-forge.mixins.json:compat.create.MixinBlocks
[01mar.2026 17:44:27.663] [main/WARN] [mixin/]: Error loading class: com/simibubi/create/content/contraptions/ControlledContraptionEntity (java.lang.ClassNotFoundException: com.simibubi.create.content.contraptions.ControlledContraptionEntity)
[01mar.2026 17:44:27.664] [main/WARN] [mixin/]: @Mixin target com.simibubi.create.content.contraptions.ControlledContraptionEntity was not found valkyrienskies-forge.mixins.json:compat.create.MixinControlledContraptionEntity
[01mar.2026 17:44:27.665] [main/WARN] [mixin/]: Error loading class: blusunrize/immersiveengineering/common/gui/BlockEntityInventory (java.lang.ClassNotFoundException: blusunrize.immersiveengineering.common.gui.BlockEntityInventory)
[01mar.2026 17:44:27.666] [main/WARN] [mixin/]: Error loading class: net/dries007/tfc/world/TFCChunkGenerator (java.lang.ClassNotFoundException: net.dries007.tfc.world.TFCChunkGenerator)
[01mar.2026 17:44:27.667] [main/WARN] [mixin/]: Error loading class: cofh/core/block/entity/TileCoFH (java.lang.ClassNotFoundException: cofh.core.block.entity.TileCoFH)
[01mar.2026 17:44:27.668] [main/WARN] [mixin/]: Error loading class: dev/su5ed/mffs/util/FrequencyGrid (java.lang.ClassNotFoundException: dev.su5ed.mffs.util.FrequencyGrid)
[01mar.2026 17:44:27.670] [main/WARN] [mixin/]: Error loading class: dev/su5ed/mffs/network/ClientPacketHandler (java.lang.ClassNotFoundException: dev.su5ed.mffs.network.ClientPacketHandler)
[01mar.2026 17:44:27.671] [main/WARN] [mixin/]: Error loading class: me/desht/modularrouters/container/RouterMenu (java.lang.ClassNotFoundException: me.desht.modularrouters.container.RouterMenu)
[01mar.2026 17:44:27.677] [main/WARN] [mixin/]: Error loading class: com/simibubi/create/content/contraptions/ContraptionHandlerClient (java.lang.ClassNotFoundException: com.simibubi.create.content.contraptions.ContraptionHandlerClient)
[01mar.2026 17:44:27.677] [main/WARN] [mixin/]: @Mixin target com.simibubi.create.content.contraptions.ContraptionHandlerClient was not found valkyrienskies-forge.mixins.json:compat.create.client.MixinContraptionHandlerClient
[01mar.2026 17:44:27.679] [main/WARN] [mixin/]: Error loading class: com/simibubi/create/content/contraptions/render/ContraptionRenderInfo (java.lang.ClassNotFoundException: com.simibubi.create.content.contraptions.render.ContraptionRenderInfo)
[01mar.2026 17:44:27.679] [main/WARN] [mixin/]: @Mixin target com.simibubi.create.content.contraptions.render.ContraptionRenderInfo was not found valkyrienskies-forge.mixins.json:compat.create.client.MixinContraptionRenderInfo
[01mar.2026 17:44:27.681] [main/WARN] [mixin/]: Error loading class: com/simibubi/create/content/contraptions/render/FlwContraption (java.lang.ClassNotFoundException: com.simibubi.create.content.contraptions.render.FlwContraption)
[01mar.2026 17:44:27.681] [main/WARN] [mixin/]: @Mixin target com.simibubi.create.content.contraptions.render.FlwContraption was not found valkyrienskies-forge.mixins.json:compat.create.client.MixinFlwContraption
[01mar.2026 17:44:27.682] [main/WARN] [mixin/]: Error loading class: com/simibubi/create/content/contraptions/glue/SuperGlueSelectionHandler (java.lang.ClassNotFoundException: com.simibubi.create.content.contraptions.glue.SuperGlueSelectionHandler)
[01mar.2026 17:44:27.682] [main/WARN] [mixin/]: @Mixin target com.simibubi.create.content.contraptions.glue.SuperGlueSelectionHandler was not found valkyrienskies-forge.mixins.json:compat.create.client.MixinSuperGlueSelectionHandler
[01mar.2026 17:44:27.684] [main/WARN] [mixin/]: Error loading class: me/jellysquid/mods/sodium/client/render/chunk/RenderSectionManager (java.lang.ClassNotFoundException: me.jellysquid.mods.sodium.client.render.chunk.RenderSectionManager)
[01mar.2026 17:44:27.685] [main/WARN] [mixin/]: @Mixin target me.jellysquid.mods.sodium.client.render.chunk.RenderSectionManager was not found valkyrienskies-forge.mixins.json:compat.sodium.MixinRenderSectionManager
[01mar.2026 17:44:27.738] [main/INFO] [MixinExtras|Service/]: Initializing MixinExtras via com.llamalad7.mixinextras.service.MixinExtrasServiceImpl(version=0.2.0).
[01mar.2026 17:44:27.747] [main/INFO] [mixin/]: Instancing error handler class org.valkyrienskies.mod.mixin.ValkyrienMixinErrorHandler
[01mar.2026 17:44:27.748] [main/FATAL] [mixin/]: Mixin apply failed valkyrienskies-common.mixins.json:client.MixinMinecraft -> net.minecraft.client.Minecraft: org.spongepowered.asm.mixin.transformer.throwables.InvalidMixinException @Shadow method m_91092_ in valkyrienskies-common.mixins.json:client.MixinMinecraft was not located in the target class net.minecraft.client.Minecraft. Using refmap valkyrienskies-120-common-refmap.json
org.spongepowered.asm.mixin.transformer.throwables.InvalidMixinException: @Shadow method m_91092_ in valkyrienskies-common.mixins.json:client.MixinMinecraft was not located in the target class net.minecraft.client.Minecraft. Using refmap valkyrienskies-120-common-refmap.json
	at org.spongepowered.asm.mixin.transformer.MixinPreProcessorStandard.attachSpecialMethod(MixinPreProcessorStandard.java:442) ~[mixin-0.8.5.jar:0.8.5+Jenkins-b310.git-155314e6e91465dad727e621a569906a410cd6f4]
	at org.spongepowered.asm.mixin.transformer.MixinPreProcessorStandard.attachShadowMethod(MixinPreProcessorStandard.java:415) ~[mixin-0.8.5.jar:0.8.5+Jenkins-b310.git-155314e6e91465dad727e621a569906a410cd6f4]
	at org.spongepowered.asm.mixin.transformer.MixinPreProcessorStandard.attachMethods(MixinPreProcessorStandard.java:343) ~[mixin-0.8.5.jar:0.8.5+Jenkins-b310.git-155314e6e91465dad727e621a569906a410cd6f4]
	at org.spongepowered.asm.mixin.transformer.MixinPreProcessorStandard.attach(MixinPreProcessorStandard.java:302) ~[mixin-0.8.5.jar:0.8.5+Jenkins-b310.git-155314e6e91465dad727e621a569906a410cd6f4]
	at org.spongepowered.asm.mixin.transformer.MixinPreProcessorStandard.createContextFor(MixinPreProcessorStandard.java:280) ~[mixin-0.8.5.jar:0.8.5+Jenkins-b310.git-155314e6e91465dad727e621a569906a410cd6f4]
	at org.spongepowered.asm.mixin.transformer.MixinInfo.createContextFor(MixinInfo.java:1288) ~[mixin-0.8.5.jar:0.8.5+Jenkins-b310.git-155314e6e91465dad727e621a569906a410cd6f4]
	at org.spongepowered.asm.mixin.transformer.MixinApplicatorStandard.apply(MixinApplicatorStandard.java:292) ~[mixin-0.8.5.jar:0.8.5+Jenkins-b310.git-155314e6e91465dad727e621a569906a410cd6f4]
	at org.spongepowered.asm.mixin.transformer.TargetClassContext.apply(TargetClassContext.java:383) ~[mixin-0.8.5.jar:0.8.5+Jenkins-b310.git-155314e6e91465dad727e621a569906a410cd6f4]
	at org.spongepowered.asm.mixin.transformer.TargetClassContext.applyMixins(TargetClassContext.java:365) ~[mixin-0.8.5.jar:0.8.5+Jenkins-b310.git-155314e6e91465dad727e621a569906a410cd6f4]
	at org.spongepowered.asm.mixin.transformer.MixinProcessor.applyMixins(MixinProcessor.java:363) ~[mixin-0.8.5.jar:0.8.5+Jenkins-b310.git-155314e6e91465dad727e621a569906a410cd6f4]
	at org.spongepowered.asm.mixin.transformer.MixinTransformer.transformClass(MixinTransformer.java:250) ~[mixin-0.8.5.jar:0.8.5+Jenkins-b310.git-155314e6e91465dad727e621a569906a410cd6f4]
	at org.spongepowered.asm.service.modlauncher.MixinTransformationHandler.processClass(MixinTransformationHandler.java:131) ~[mixin-0.8.5.jar:0.8.5+Jenkins-b310.git-155314e6e91465dad727e621a569906a410cd6f4]
	at org.spongepowered.asm.launch.MixinLaunchPluginLegacy.processClass(MixinLaunchPluginLegacy.java:131) ~[mixin-0.8.5.jar:0.8.5+Jenkins-b310.git-155314e6e91465dad727e621a569906a410cd6f4]
	at cpw.mods.modlauncher.serviceapi.ILaunchPluginService.processClassWithFlags(ILaunchPluginService.java:156) ~[modlauncher-10.0.9.jar:10.0.9+10.0.9+main.dcd20f30]
	at cpw.mods.modlauncher.LaunchPluginHandler.offerClassNodeToPlugins(LaunchPluginHandler.java:88) ~[modlauncher-10.0.9.jar:?]
	at cpw.mods.modlauncher.ClassTransformer.transform(ClassTransformer.java:120) ~[modlauncher-10.0.9.jar:?]
	at cpw.mods.modlauncher.TransformingClassLoader.maybeTransformClassBytes(TransformingClassLoader.java:50) ~[modlauncher-10.0.9.jar:?]
	at cpw.mods.cl.ModuleClassLoader.readerToClass(ModuleClassLoader.java:113) ~[securejarhandler-2.1.10.jar:?]
	at cpw.mods.cl.ModuleClassLoader.lambda$findClass$15(ModuleClassLoader.java:219) ~[securejarhandler-2.1.10.jar:?]
	at cpw.mods.cl.ModuleClassLoader.loadFromModule(ModuleClassLoader.java:229) ~[securejarhandler-2.1.10.jar:?]
	at cpw.mods.cl.ModuleClassLoader.findClass(ModuleClassLoader.java:219) ~[securejarhandler-2.1.10.jar:?]
	at cpw.mods.cl.ModuleClassLoader.loadClass(ModuleClassLoader.java:135) ~[securejarhandler-2.1.10.jar:?]
	at java.lang.ClassLoader.loadClass(ClassLoader.java:525) ~[?:?]
	at java.lang.Class.getDeclaredMethods0(Native Method) ~[?:?]
	at java.lang.Class.privateGetDeclaredMethods(Class.java:3402) ~[?:?]
	at java.lang.Class.privateGetPublicMethods(Class.java:3427) ~[?:?]
	at java.lang.Class.privateGetPublicMethods(Class.java:3433) ~[?:?]
	at java.lang.Class.getMethods(Class.java:2019) ~[?:?]
	at net.minecraftforge.fml.earlydisplay.DisplayWindow.updateModuleReads(DisplayWindow.java:616) ~[fmlearlydisplay-1.20.1-47.4.0.jar:1.0]
	at net.minecraftforge.fml.loading.ImmediateWindowHandler.acceptGameLayer(ImmediateWindowHandler.java:71) ~[fmlloader-1.20.1-47.4.0.jar:1.0]
	at net.minecraftforge.fml.loading.FMLLoader.beforeStart(FMLLoader.java:216) ~[fmlloader-1.20.1-47.4.0.jar:1.0]
	at net.minecraftforge.fml.loading.targets.CommonLaunchHandler.launchService(CommonLaunchHandler.java:92) ~[fmlloader-1.20.1-47.4.0.jar:?]
	at cpw.mods.modlauncher.LaunchServiceHandlerDecorator.launch(LaunchServiceHandlerDecorator.java:30) ~[modlauncher-10.0.9.jar:?]
	at cpw.mods.modlauncher.LaunchServiceHandler.launch(LaunchServiceHandler.java:53) ~[modlauncher-10.0.9.jar:?]
	at cpw.mods.modlauncher.LaunchServiceHandler.launch(LaunchServiceHandler.java:71) ~[modlauncher-10.0.9.jar:?]
	at cpw.mods.modlauncher.Launcher.run(Launcher.java:108) ~[modlauncher-10.0.9.jar:?]
	at cpw.mods.modlauncher.Launcher.main(Launcher.java:78) ~[modlauncher-10.0.9.jar:?]
	at cpw.mods.modlauncher.BootstrapLaunchConsumer.accept(BootstrapLaunchConsumer.java:26) ~[modlauncher-10.0.9.jar:?]
	at cpw.mods.modlauncher.BootstrapLaunchConsumer.accept(BootstrapLaunchConsumer.java:23) ~[modlauncher-10.0.9.jar:?]
	at cpw.mods.bootstraplauncher.BootstrapLauncher.main(BootstrapLauncher.java:141) ~[bootstraplauncher-1.1.2.jar:?]
